<?xml version="1.0" encoding="UTF-8"?>
<!-- Generated by org.testng.reporters.JUnitReportReporter -->
<testsuite hostname="DESKTOP-EI1MF8H" failures="0" tests="1" name="superAdmin.Patients" time="20.460" errors="0" timestamp="2022-05-14T00:19:41 BDT" skipped="0">
  <testcase classname="superAdmin.Patients" name="locationWiseSort" time="20.460"/>
  <system-out/>
</testsuite> <!-- superAdmin.Patients -->
