<?xml version="1.0" encoding="UTF-8"?>
<!-- Generated by org.testng.reporters.JUnitReportReporter -->
<testsuite hostname="DESKTOP-EI1MF8H" failures="0" tests="7" name="superAdmin.Patients" time="100.968" errors="0" timestamp="2022-04-28T15:00:53 BDT" skipped="0">
  <testcase classname="superAdmin.Patients" name="verifyElemntsOnPageTest" time="14.590"/>
  <system-out/>
  <testcase classname="superAdmin.Patients" name="login" time="8.988"/>
  <system-out/>
  <testcase classname="superAdmin.Patients" name="checkPatientList" time="12.537"/>
  <system-out/>
  <testcase classname="superAdmin.Patients" name="search" time="15.441"/>
  <system-out/>
  <testcase classname="superAdmin.Patients" name="patientFromLocation" time="18.427"/>
  <system-out/>
  <testcase classname="superAdmin.Patients" name="firstNameWiseSort" time="15.671"/>
  <system-out/>
  <testcase classname="superAdmin.Patients" name="locationWiseSort" time="15.314"/>
  <system-out/>
</testsuite> <!-- superAdmin.Patients -->
