<?xml version="1.0" encoding="UTF-8"?>
<!-- Generated by org.testng.reporters.JUnitReportReporter -->
<testsuite hostname="DESKTOP-EI1MF8H" failures="0" tests="1" name="superAdmin.Clients" time="24.398" errors="0" timestamp="2022-05-12T14:58:24 BDT" skipped="0">
  <testcase classname="superAdmin.Clients" name="checkUserStatus" time="24.398"/>
  <system-out/>
</testsuite> <!-- superAdmin.Clients -->
