<?xml version="1.0" encoding="UTF-8"?>
<!-- Generated by org.testng.reporters.JUnitReportReporter -->
<testsuite hostname="DESKTOP-EI1MF8H" failures="0" tests="7" name="normalUser.User_Profile" time="128.279" errors="0" timestamp="2022-02-27T19:30:14 BDT" skipped="0">
  <testcase classname="normalUser.User_Profile" name="loginUser" time="9.323"/>
  <system-out/>
  <testcase classname="normalUser.User_Profile" name="userProfile" time="16.303"/>
  <system-out/>
  <testcase classname="normalUser.User_Profile" name="addPhone" time="22.648"/>
  <system-out/>
  <testcase classname="normalUser.User_Profile" name="addGender" time="16.583"/>
  <system-out/>
  <testcase classname="normalUser.User_Profile" name="updateEmail" time="19.472"/>
  <system-out/>
  <testcase classname="normalUser.User_Profile" name="addAddress" time="23.683"/>
  <system-out/>
  <testcase classname="normalUser.User_Profile" name="changePassword" time="20.267"/>
  <system-out/>
</testsuite> <!-- normalUser.User_Profile -->
