<?xml version="1.0" encoding="UTF-8"?>
<!-- Generated by org.testng.reporters.JUnitReportReporter -->
<testsuite hostname="DESKTOP-EI1MF8H" failures="0" tests="1" name="superAdmin.Users" time="27.106" errors="0" timestamp="2022-05-14T00:49:22 BDT" skipped="0">
  <testcase classname="superAdmin.Users" name="checkUserTypeList" time="27.106"/>
  <system-out/>
</testsuite> <!-- superAdmin.Users -->
