<?xml version="1.0" encoding="UTF-8"?>
<!-- Generated by org.testng.reporters.JUnitReportReporter -->
<testsuite hostname="DESKTOP-EI1MF8H" failures="0" tests="1" name="normalUser.User_Profile" time="23.776" errors="0" timestamp="2022-05-12T11:57:12 BDT" skipped="0">
  <testcase classname="normalUser.User_Profile" name="addGender" time="23.776"/>
  <system-out/>
</testsuite> <!-- normalUser.User_Profile -->
