<?xml version="1.0" encoding="UTF-8"?>
<!-- Generated by org.testng.reporters.JUnitReportReporter -->
<testsuite hostname="DESKTOP-EI1MF8H" failures="0" tests="1" name="superAdmin.Login" time="14.557" errors="0" timestamp="2022-05-14T00:10:21 BDT" skipped="0">
  <testcase classname="superAdmin.Login" name="invalidLoginInfo" time="14.557"/>
  <system-out/>
</testsuite> <!-- superAdmin.Login -->
