<?xml version="1.0" encoding="UTF-8"?>
<!-- Generated by org.testng.reporters.JUnitReportReporter -->
<testsuite hostname="DESKTOP-EI1MF8H" failures="0" tests="15" name="normalUser.Locations" time="333.349" errors="0" timestamp="2022-02-13T16:14:00 BDT" skipped="0">
  <testcase classname="normalUser.Locations" name="addLocationFromPatient" time="48.544"/>
  <system-out/>
  <testcase classname="normalUser.Locations" name="loginUser" time="9.221"/>
  <system-out/>
  <testcase classname="normalUser.Locations" name="locationList" time="9.556"/>
  <system-out/>
  <testcase classname="normalUser.Locations" name="search" time="11.886"/>
  <system-out/>
  <testcase classname="normalUser.Locations" name="addLocation" time="12.823"/>
  <system-out/>
  <testcase classname="normalUser.Locations" name="validLocationData" time="22.902"/>
  <system-out/>
  <testcase classname="normalUser.Locations" name="invalidLocationData" time="20.243"/>
  <system-out/>
  <testcase classname="normalUser.Locations" name="validatePhoneEmailData" time="22.815"/>
  <system-out/>
  <testcase classname="normalUser.Locations" name="validateBackButton" time="13.002"/>
  <system-out/>
  <testcase classname="normalUser.Locations" name="validateCancelButton" time="14.808"/>
  <system-out/>
  <testcase classname="normalUser.Locations" name="addPatientfromLocation" time="31.045"/>
  <system-out/>
  <testcase classname="normalUser.Locations" name="emptyPatientInfofromLocation" time="31.351"/>
  <system-out/>
  <testcase classname="normalUser.Locations" name="addContactfromLocation" time="32.870"/>
  <system-out/>
  <testcase classname="normalUser.Locations" name="addContactEmptyLocation" time="30.029"/>
  <system-out/>
  <testcase classname="normalUser.Locations" name="editLocationInfo" time="22.254"/>
  <system-out/>
</testsuite> <!-- normalUser.Locations -->
