<?xml version="1.0" encoding="UTF-8"?>
<!-- Generated by org.testng.reporters.JUnitReportReporter -->
<testsuite hostname="DESKTOP-EI1MF8H" failures="0" tests="1" name="superAdmin.Patients" time="23.117" errors="0" timestamp="2022-01-27T12:51:34 BDT" skipped="0">
  <testcase classname="superAdmin.Patients" name="search" time="23.117"/>
  <system-out/>
</testsuite> <!-- superAdmin.Patients -->
