<?xml version="1.0" encoding="UTF-8"?>
<!-- Generated by org.testng.reporters.JUnitReportReporter -->
<testsuite hostname="DESKTOP-EI1MF8H" failures="0" tests="1" name="normalUser.Locations" time="32.888" errors="0" timestamp="2022-01-26T20:34:12 BDT" skipped="0">
  <testcase classname="normalUser.Locations" name="addLocationFromPatient" time="32.888"/>
  <system-out/>
</testsuite> <!-- normalUser.Locations -->
