<?xml version="1.0" encoding="UTF-8"?>
<!-- Generated by org.testng.reporters.JUnitReportReporter -->
<testsuite hostname="DESKTOP-EI1MF8H" failures="0" tests="1" name="normalUser.Patients" time="17.725" errors="0" timestamp="2022-05-15T15:34:07 BDT" skipped="0">
  <testcase classname="normalUser.Patients" name="importPatientList" time="17.725"/>
  <system-out/>
</testsuite> <!-- normalUser.Patients -->
