<?xml version="1.0" encoding="UTF-8"?>
<!-- Generated by org.testng.reporters.JUnitReportReporter -->
<testsuite hostname="DESKTOP-EI1MF8H" failures="0" tests="1" name="normalUser.Dashboard" time="15.486" errors="0" timestamp="2022-05-11T15:38:56 BDT" skipped="0">
  <testcase classname="normalUser.Dashboard" name="validateEmailDataOnPatient" time="15.486"/>
  <system-out/>
</testsuite> <!-- normalUser.Dashboard -->
