<?xml version="1.0" encoding="UTF-8"?>
<!-- Generated by org.testng.reporters.JUnitReportReporter -->
<testsuite hostname="DESKTOP-EI1MF8H" failures="0" tests="1" name="normalUser.Logout" time="20.375" errors="0" timestamp="2022-05-11T16:10:23 BDT" skipped="0">
  <testcase classname="normalUser.Logout" name="logout" time="20.375"/>
  <system-out/>
</testsuite> <!-- normalUser.Logout -->
