<?xml version="1.0" encoding="UTF-8"?>
<!-- Generated by org.testng.reporters.JUnitReportReporter -->
<testsuite hostname="DESKTOP-EI1MF8H" failures="0" tests="7" name="normalUser.User_Profile" time="0.000" errors="0" timestamp="2022-02-13T17:10:35 BDT" skipped="7">
  <testcase classname="normalUser.User_Profile" name="loginUser" time="0.000">
    <skipped/>
  </testcase> <!-- loginUser -->
  <system-out/>
  <testcase classname="normalUser.User_Profile" name="userProfile" time="0.000">
    <skipped/>
  </testcase> <!-- userProfile -->
  <system-out/>
  <testcase classname="normalUser.User_Profile" name="addPhone" time="0.000">
    <skipped/>
  </testcase> <!-- addPhone -->
  <system-out/>
  <testcase classname="normalUser.User_Profile" name="addGender" time="0.000">
    <skipped/>
  </testcase> <!-- addGender -->
  <system-out/>
  <testcase classname="normalUser.User_Profile" name="updateEmail" time="0.000">
    <skipped/>
  </testcase> <!-- updateEmail -->
  <system-out/>
  <testcase classname="normalUser.User_Profile" name="addAddress" time="0.000">
    <skipped/>
  </testcase> <!-- addAddress -->
  <system-out/>
  <testcase classname="normalUser.User_Profile" name="changePassword" time="0.000">
    <skipped/>
  </testcase> <!-- changePassword -->
  <system-out/>
</testsuite> <!-- normalUser.User_Profile -->
