<?xml version="1.0" encoding="UTF-8"?>
<!-- Generated by org.testng.reporters.JUnitReportReporter -->
<testsuite hostname="DESKTOP-EI1MF8H" failures="0" tests="1" name="browserResponsiveness.ResponsiveBasic" time="11.461" errors="0" timestamp="2022-03-06T21:45:41 BDT" skipped="0">
  <testcase classname="browserResponsiveness.ResponsiveBasic" name="validateResponsive" time="11.461"/>
  <system-out/>
</testsuite> <!-- browserResponsiveness.ResponsiveBasic -->
