<?xml version="1.0" encoding="UTF-8"?>
<!-- Generated by org.testng.reporters.JUnitReportReporter -->
<testsuite hostname="DESKTOP-EI1MF8H" failures="0" tests="15" name="superAdmin.Users" time="310.779" errors="0" timestamp="2022-04-25T14:18:44 BDT" skipped="0">
  <testcase classname="superAdmin.Users" name="verifyElemntsOnPageTest" time="3.585"/>
  <system-out/>
  <testcase classname="superAdmin.Users" name="login" time="9.031"/>
  <system-out/>
  <testcase classname="superAdmin.Users" name="checkUserList" time="19.068"/>
  <system-out/>
  <testcase classname="superAdmin.Users" name="checkUserProfile" time="24.374"/>
  <system-out/>
  <testcase classname="superAdmin.Users" name="checkClientProfileFromUser" time="20.478"/>
  <system-out/>
  <testcase classname="superAdmin.Users" name="changeStatusToInactive" time="21.726"/>
  <system-out/>
  <testcase classname="superAdmin.Users" name="changeStatusToActive" time="21.405"/>
  <system-out/>
  <testcase classname="superAdmin.Users" name="search" time="19.324"/>
  <system-out/>
  <testcase classname="superAdmin.Users" name="firstNameSort" time="19.309"/>
  <system-out/>
  <testcase classname="superAdmin.Users" name="lastNameSort" time="19.291"/>
  <system-out/>
  <testcase classname="superAdmin.Users" name="emailSort" time="19.347"/>
  <system-out/>
  <testcase classname="superAdmin.Users" name="checkUserTypeList" time="22.207"/>
  <system-out/>
  <testcase classname="superAdmin.Users" name="userGroup" time="42.633"/>
  <system-out/>
  <testcase classname="superAdmin.Users" name="updateUserGroup" time="25.515"/>
  <system-out/>
  <testcase classname="superAdmin.Users" name="checkUserCardFromUser" time="23.486"/>
  <system-out/>
</testsuite> <!-- superAdmin.Users -->
