<?xml version="1.0" encoding="UTF-8"?>
<!-- Generated by org.testng.reporters.JUnitReportReporter -->
<testsuite hostname="DESKTOP-EI1MF8H" failures="0" tests="7" name="superAdmin.Patients" time="94.823" errors="0" timestamp="2022-02-26T20:15:36 BDT" skipped="0">
  <testcase classname="superAdmin.Patients" name="verifyElemntsOnPageTest" time="3.846"/>
  <system-out/>
  <testcase classname="superAdmin.Patients" name="login" time="13.656"/>
  <system-out/>
  <testcase classname="superAdmin.Patients" name="checkPatientList" time="12.408"/>
  <system-out/>
  <testcase classname="superAdmin.Patients" name="search" time="15.593"/>
  <system-out/>
  <testcase classname="superAdmin.Patients" name="patientFromLocation" time="18.468"/>
  <system-out/>
  <testcase classname="superAdmin.Patients" name="firstNameWiseSort" time="15.290"/>
  <system-out/>
  <testcase classname="superAdmin.Patients" name="locationWiseSort" time="15.562"/>
  <system-out/>
</testsuite> <!-- superAdmin.Patients -->
