<?xml version="1.0" encoding="UTF-8"?>
<!-- Generated by org.testng.reporters.JUnitReportReporter -->
<testsuite hostname="DESKTOP-EI1MF8H" failures="0" tests="1" name="normalUser.Contacts" time="19.616" errors="0" timestamp="2022-05-11T15:27:46 BDT" skipped="0">
  <testcase classname="normalUser.Contacts" name="closeAddNewForm" time="19.616"/>
  <system-out/>
</testsuite> <!-- normalUser.Contacts -->
