<?xml version="1.0" encoding="UTF-8"?>
<!-- Generated by org.testng.reporters.JUnitReportReporter -->
<testsuite hostname="DESKTOP-EI1MF8H" failures="0" tests="1" name="normalUser.Calendar" time="17.259" errors="0" timestamp="2022-05-11T12:15:08 BDT" skipped="0">
  <testcase classname="normalUser.Calendar" name="agendaViewOnCalendar" time="17.259"/>
  <system-out/>
</testsuite> <!-- normalUser.Calendar -->
