<?xml version="1.0" encoding="UTF-8"?>
<!-- Generated by org.testng.reporters.JUnitReportReporter -->
<testsuite hostname="DESKTOP-EI1MF8H" failures="0" tests="5" name="superAdmin.Login" time="62.676" errors="0" timestamp="2022-01-12T16:37:40 BDT" skipped="0">
  <testcase classname="superAdmin.Login" name="verifyElemntsOnPageTest" time="3.934"/>
  <system-out/>
  <testcase classname="superAdmin.Login" name="verifyLogin" time="38.842"/>
  <system-out/>
  <testcase classname="superAdmin.Login" name="loginWithoutUsername" time="5.258"/>
  <system-out/>
  <testcase classname="superAdmin.Login" name="loginWithoutPassword" time="5.262"/>
  <system-out/>
  <testcase classname="superAdmin.Login" name="invalidLoginInfo" time="9.380"/>
  <system-out/>
</testsuite> <!-- superAdmin.Login -->
