<?xml version="1.0" encoding="UTF-8"?>
<!-- Generated by org.testng.reporters.JUnitReportReporter -->
<testsuite hostname="DESKTOP-EI1MF8H" failures="0" tests="1" name="superAdmin.User_profile" time="30.925" errors="0" timestamp="2022-05-14T00:29:05 BDT" skipped="0">
  <testcase classname="superAdmin.User_profile" name="addAddress" time="30.925"/>
  <system-out/>
</testsuite> <!-- superAdmin.User_profile -->
