<?xml version="1.0" encoding="UTF-8"?>
<!-- Generated by org.testng.reporters.JUnitReportReporter -->
<testsuite hostname="DESKTOP-EI1MF8H" failures="0" tests="1" name="normalUser.Calendar" time="23.491" errors="0" timestamp="2022-04-26T12:21:25 BDT" skipped="0">
  <testcase classname="normalUser.Calendar" name="editSchedule" time="23.491"/>
  <system-out/>
</testsuite> <!-- normalUser.Calendar -->
