<?xml version="1.0" encoding="UTF-8"?>
<!-- Generated by org.testng.reporters.JUnitReportReporter -->
<testsuite hostname="DESKTOP-EI1MF8H" failures="0" tests="7" name="normalUser.LoginTest" time="49.594" errors="0" timestamp="2022-02-22T13:12:22 BDT" skipped="0">
  <testcase classname="normalUser.LoginTest" name="randomInput" time="9.272"/>
  <system-out/>
  <testcase classname="normalUser.LoginTest" name="verifyElemntsOnPageTest" time="4.026"/>
  <system-out/>
  <testcase classname="normalUser.LoginTest" name="verifyLogin" time="8.917"/>
  <system-out/>
  <testcase classname="normalUser.LoginTest" name="loginWithoutUsername" time="5.210"/>
  <system-out/>
  <testcase classname="normalUser.LoginTest" name="loginWithoutPassword" time="5.430"/>
  <system-out/>
  <testcase classname="normalUser.LoginTest" name="loginWithEmptyField" time="9.834"/>
  <system-out/>
  <testcase classname="normalUser.LoginTest" name="forgotPassword" time="6.905"/>
  <system-out/>
</testsuite> <!-- normalUser.LoginTest -->
