<?xml version="1.0" encoding="UTF-8"?>
<!-- Generated by org.testng.reporters.JUnitReportReporter -->
<testsuite hostname="DESKTOP-EI1MF8H" failures="0" tests="1" name="normalUser.Locations" time="61.041" errors="0" timestamp="2022-05-11T16:07:40 BDT" skipped="0">
  <testcase classname="normalUser.Locations" name="locationAccessView" time="61.041"/>
  <system-out/>
</testsuite> <!-- normalUser.Locations -->
