<?xml version="1.0" encoding="UTF-8"?>
<!-- Generated by org.testng.reporters.JUnitReportReporter -->
<testsuite hostname="DESKTOP-EI1MF8H" failures="0" tests="7" name="normalUser.LoginTest" time="0.000" errors="0" timestamp="2022-02-26T19:55:54 BDT" skipped="7">
  <testcase classname="normalUser.LoginTest" name="verifyElemntsOnPageTest" time="0.000">
    <skipped/>
  </testcase> <!-- verifyElemntsOnPageTest -->
  <system-out/>
  <testcase classname="normalUser.LoginTest" name="verifyLogin" time="0.000">
    <skipped/>
  </testcase> <!-- verifyLogin -->
  <system-out/>
  <testcase classname="normalUser.LoginTest" name="loginWithoutUsername" time="0.000">
    <skipped/>
  </testcase> <!-- loginWithoutUsername -->
  <system-out/>
  <testcase classname="normalUser.LoginTest" name="loginWithoutPassword" time="0.000">
    <skipped/>
  </testcase> <!-- loginWithoutPassword -->
  <system-out/>
  <testcase classname="normalUser.LoginTest" name="loginWithEmptyField" time="0.000">
    <skipped/>
  </testcase> <!-- loginWithEmptyField -->
  <system-out/>
  <testcase classname="normalUser.LoginTest" name="forgotPassword" time="0.000">
    <skipped/>
  </testcase> <!-- forgotPassword -->
  <system-out/>
  <testcase classname="normalUser.LoginTest" name="randomInput" time="0.000">
    <skipped/>
  </testcase> <!-- randomInput -->
  <system-out/>
</testsuite> <!-- normalUser.LoginTest -->
