<?xml version="1.0" encoding="UTF-8"?>
<!-- Generated by org.testng.reporters.JUnitReportReporter -->
<testsuite hostname="DESKTOP-EI1MF8H" failures="0" tests="1" name="normalUser.Patients" time="23.210" errors="0" timestamp="2022-01-26T21:10:06 BDT" skipped="0">
  <testcase classname="normalUser.Patients" name="importPatientList" time="23.210"/>
  <system-out/>
</testsuite> <!-- normalUser.Patients -->
