<?xml version="1.0" encoding="UTF-8"?>
<!-- Generated by org.testng.reporters.JUnitReportReporter -->
<testsuite hostname="DESKTOP-EI1MF8H" failures="0" tests="1" name="superAdmin.Locations" time="18.179" errors="0" timestamp="2022-05-12T15:22:23 BDT" skipped="0">
  <testcase classname="superAdmin.Locations" name="addressWiseSort" time="18.179"/>
  <system-out/>
</testsuite> <!-- superAdmin.Locations -->
