<?xml version="1.0" encoding="UTF-8"?>
<!-- Generated by org.testng.reporters.JUnitReportReporter -->
<testsuite hostname="DESKTOP-EI1MF8H" failures="0" tests="1" name="normalUser.Patients" time="24.056" errors="0" timestamp="2022-04-25T11:16:13 BDT" skipped="0">
  <testcase classname="normalUser.Patients" name="invalidPatientName" time="24.056"/>
  <system-out/>
</testsuite> <!-- normalUser.Patients -->
