<?xml version="1.0" encoding="UTF-8"?>
<!-- Generated by org.testng.reporters.JUnitReportReporter -->
<testsuite hostname="DESKTOP-EI1MF8H" failures="0" tests="1" name="superAdmin.Clients" time="15.755" errors="0" timestamp="2022-01-26T21:50:08 BDT" skipped="0">
  <testcase classname="superAdmin.Clients" name="login" time="15.755"/>
  <system-out/>
</testsuite> <!-- superAdmin.Clients -->
