<?xml version="1.0" encoding="UTF-8"?>
<!-- Generated by org.testng.reporters.JUnitReportReporter -->
<testsuite hostname="DESKTOP-EI1MF8H" failures="0" tests="1" name="normalUser.LoginTest" time="16.840" errors="0" timestamp="2022-01-24T11:36:49 BDT" skipped="0">
  <testcase classname="normalUser.LoginTest" name="randomInput" time="16.840"/>
  <system-out/>
</testsuite> <!-- normalUser.LoginTest -->
