<?xml version="1.0" encoding="UTF-8"?>
<!-- Generated by org.testng.reporters.JUnitReportReporter -->
<testsuite hostname="DESKTOP-EI1MF8H" failures="0" tests="1" name="normalUser.Users" time="32.912" errors="0" timestamp="2022-05-12T12:51:56 BDT" skipped="0">
  <testcase classname="normalUser.Users" name="profileOfUser" time="32.912"/>
  <system-out/>
</testsuite> <!-- normalUser.Users -->
